Copyright 1986-2022 Xilinx, Inc. All Rights Reserved. Copyright 2022-2023 Advanced Micro Devices, Inc. All Rights Reserved.
---------------------------------------------------------------------------------------------------------------------------------------------------------------------------------------------------------------------------
| Tool Version : Vivado v.2023.2 (win64) Build 4029153 Fri Oct 13 20:14:34 MDT 2023
| Date         : Sat Feb  7 13:24:18 2026
| Host         : kevin running 64-bit major release  (build 9200)
| Command      : report_timing_summary -max_paths 10 -report_unconstrained -file vga_driver_timing_summary_routed.rpt -pb vga_driver_timing_summary_routed.pb -rpx vga_driver_timing_summary_routed.rpx -warn_on_violation
| Design       : vga_driver
| Device       : 7z020-clg484
| Speed File   : -1  PRODUCTION 1.12 2019-11-22
| Design State : Routed
---------------------------------------------------------------------------------------------------------------------------------------------------------------------------------------------------------------------------

Timing Summary Report

------------------------------------------------------------------------------------------------
| Timer Settings
| --------------
------------------------------------------------------------------------------------------------

  Enable Multi Corner Analysis               :  Yes
  Enable Pessimism Removal                   :  Yes
  Pessimism Removal Resolution               :  Nearest Common Node
  Enable Input Delay Default Clock           :  No
  Enable Preset / Clear Arcs                 :  No
  Disable Flight Delays                      :  No
  Ignore I/O Paths                           :  No
  Timing Early Launch at Borrowing Latches   :  No
  Borrow Time for Max Delay Exceptions       :  Yes
  Merge Timing Exceptions                    :  Yes
  Inter-SLR Compensation                     :  Conservative

  Corner  Analyze    Analyze    
  Name    Max Paths  Min Paths  
  ------  ---------  ---------  
  Slow    Yes        Yes        
  Fast    Yes        Yes        


------------------------------------------------------------------------------------------------
| Report Methodology
| ------------------
------------------------------------------------------------------------------------------------

Rule       Severity          Description                  Violations  
---------  ----------------  ---------------------------  ----------  
TIMING-17  Critical Warning  Non-clocked sequential cell  194         

Note: This report is based on the most recent report_methodology run and may not be up-to-date. Run report_methodology on the current design for the latest report.



check_timing report

Table of Contents
-----------------
1. checking no_clock (194)
2. checking constant_clock (0)
3. checking pulse_width_clock (0)
4. checking unconstrained_internal_endpoints (418)
5. checking no_input_delay (4)
6. checking no_output_delay (14)
7. checking multiple_clock (0)
8. checking generated_clocks (0)
9. checking loops (0)
10. checking partial_input_delay (0)
11. checking partial_output_delay (0)
12. checking latch_loops (0)

1. checking no_clock (194)
--------------------------
 There are 66 register/latch pins with no clock driven by root clock pin: clk (HIGH)

 There are 64 register/latch pins with no clock driven by root clock pin: comp_clk10Hz/pulse_reg/Q (HIGH)

 There are 64 register/latch pins with no clock driven by root clock pin: comp_clk50MHz/pulse_reg/Q (HIGH)


2. checking constant_clock (0)
------------------------------
 There are 0 register/latch pins with constant_clock.


3. checking pulse_width_clock (0)
---------------------------------
 There are 0 register/latch pins which need pulse_width check


4. checking unconstrained_internal_endpoints (418)
--------------------------------------------------
 There are 418 pins that are not constrained for maximum delay. (HIGH)

 There are 0 pins that are not constrained for maximum delay due to constant clock.


5. checking no_input_delay (4)
------------------------------
 There are 4 input ports with no input delay specified. (HIGH)

 There are 0 input ports with no input delay but user has a false path constraint.


6. checking no_output_delay (14)
--------------------------------
 There are 14 ports with no output delay specified. (HIGH)

 There are 0 ports with no output delay but user has a false path constraint

 There are 0 ports with no output delay but with a timing clock defined on it or propagating through it


7. checking multiple_clock (0)
------------------------------
 There are 0 register/latch pins with multiple clocks.


8. checking generated_clocks (0)
--------------------------------
 There are 0 generated clocks that are not connected to a clock source.


9. checking loops (0)
---------------------
 There are 0 combinational loops in the design.


10. checking partial_input_delay (0)
------------------------------------
 There are 0 input ports with partial input delay specified.


11. checking partial_output_delay (0)
-------------------------------------
 There are 0 ports with partial output delay specified.


12. checking latch_loops (0)
----------------------------
 There are 0 combinational latch loops in the design through latch input



------------------------------------------------------------------------------------------------
| Design Timing Summary
| ---------------------
------------------------------------------------------------------------------------------------

    WNS(ns)      TNS(ns)  TNS Failing Endpoints  TNS Total Endpoints      WHS(ns)      THS(ns)  THS Failing Endpoints  THS Total Endpoints     WPWS(ns)     TPWS(ns)  TPWS Failing Endpoints  TPWS Total Endpoints  
    -------      -------  ---------------------  -------------------      -------      -------  ---------------------  -------------------     --------     --------  ----------------------  --------------------  
        inf        0.000                      0                  432          inf        0.000                      0                  432           NA           NA                      NA                    NA  


There are no user specified timing constraints.


------------------------------------------------------------------------------------------------
| Clock Summary
| -------------
------------------------------------------------------------------------------------------------


------------------------------------------------------------------------------------------------
| Intra Clock Table
| -----------------
------------------------------------------------------------------------------------------------

Clock             WNS(ns)      TNS(ns)  TNS Failing Endpoints  TNS Total Endpoints      WHS(ns)      THS(ns)  THS Failing Endpoints  THS Total Endpoints     WPWS(ns)     TPWS(ns)  TPWS Failing Endpoints  TPWS Total Endpoints  
-----             -------      -------  ---------------------  -------------------      -------      -------  ---------------------  -------------------     --------     --------  ----------------------  --------------------  


------------------------------------------------------------------------------------------------
| Inter Clock Table
| -----------------
------------------------------------------------------------------------------------------------

From Clock    To Clock          WNS(ns)      TNS(ns)  TNS Failing Endpoints  TNS Total Endpoints      WHS(ns)      THS(ns)  THS Failing Endpoints  THS Total Endpoints  
----------    --------          -------      -------  ---------------------  -------------------      -------      -------  ---------------------  -------------------  


------------------------------------------------------------------------------------------------
| Other Path Groups Table
| -----------------------
------------------------------------------------------------------------------------------------

Path Group    From Clock    To Clock          WNS(ns)      TNS(ns)  TNS Failing Endpoints  TNS Total Endpoints      WHS(ns)      THS(ns)  THS Failing Endpoints  THS Total Endpoints  
----------    ----------    --------          -------      -------  ---------------------  -------------------      -------      -------  ---------------------  -------------------  


------------------------------------------------------------------------------------------------
| User Ignored Path Table
| -----------------------
------------------------------------------------------------------------------------------------

Path Group    From Clock    To Clock    
----------    ----------    --------    


------------------------------------------------------------------------------------------------
| Unconstrained Path Table
| ------------------------
------------------------------------------------------------------------------------------------

Path Group    From Clock    To Clock    
----------    ----------    --------    
(none)                                    


------------------------------------------------------------------------------------------------
| Timing Details
| --------------
------------------------------------------------------------------------------------------------


--------------------------------------------------------------------------------------
Path Group:  (none)
From Clock:  
  To Clock:  

Max Delay           432 Endpoints
Min Delay           432 Endpoints
--------------------------------------------------------------------------------------


Max Delay Paths
--------------------------------------------------------------------------------------
Slack:                    inf
  Source:                 H_TOP_LEFT_reg[2]/C
                            (rising edge-triggered cell FDRE)
  Destination:            green[1]
                            (output port)
  Path Group:             (none)
  Path Type:              Max at Slow Process Corner
  Data Path Delay:        12.133ns  (logic 6.613ns (54.505%)  route 5.520ns (45.495%))
  Logic Levels:           14  (CARRY4=9 FDRE=1 LUT1=1 LUT2=1 LUT5=1 OBUF=1)

    Location             Delay type                Incr(ns)  Path(ns)    Netlist Resource(s)
  -------------------------------------------------------------------    -------------------
    SLICE_X104Y35        FDRE                         0.000     0.000 r  H_TOP_LEFT_reg[2]/C
    SLICE_X104Y35        FDRE (Prop_fdre_C_Q)         0.518     0.518 f  H_TOP_LEFT_reg[2]/Q
                         net (fo=9, routed)           0.933     1.451    H_TOP_LEFT[2]
    SLICE_X101Y34        LUT1 (Prop_lut1_I0_O)        0.124     1.575 r  green_OBUF[3]_inst_i_175/O
                         net (fo=1, routed)           0.000     1.575    green_OBUF[3]_inst_i_175_n_0
    SLICE_X101Y34        CARRY4 (Prop_carry4_S[1]_CO[3])
                                                      0.550     2.125 r  green_OBUF[3]_inst_i_171/CO[3]
                         net (fo=1, routed)           0.000     2.125    green_OBUF[3]_inst_i_171_n_0
    SLICE_X101Y35        CARRY4 (Prop_carry4_CI_CO[3])
                                                      0.114     2.239 r  green_OBUF[3]_inst_i_159/CO[3]
                         net (fo=1, routed)           0.000     2.239    green_OBUF[3]_inst_i_159_n_0
    SLICE_X101Y36        CARRY4 (Prop_carry4_CI_CO[3])
                                                      0.114     2.353 r  green_OBUF[3]_inst_i_147/CO[3]
                         net (fo=1, routed)           0.000     2.353    green_OBUF[3]_inst_i_147_n_0
    SLICE_X101Y37        CARRY4 (Prop_carry4_CI_O[0])
                                                      0.222     2.575 r  green_OBUF[3]_inst_i_135/O[0]
                         net (fo=1, routed)           0.814     3.389    green_OBUF[3]_inst_i_135_n_7
    SLICE_X102Y37        LUT2 (Prop_lut2_I1_O)        0.299     3.688 r  green_OBUF[3]_inst_i_133/O
                         net (fo=1, routed)           0.000     3.688    green_OBUF[3]_inst_i_133_n_0
    SLICE_X102Y37        CARRY4 (Prop_carry4_S[1]_CO[3])
                                                      0.533     4.221 r  green_OBUF[3]_inst_i_118/CO[3]
                         net (fo=1, routed)           0.000     4.221    green_OBUF[3]_inst_i_118_n_0
    SLICE_X102Y38        CARRY4 (Prop_carry4_CI_CO[3])
                                                      0.117     4.338 r  green_OBUF[3]_inst_i_90/CO[3]
                         net (fo=1, routed)           0.000     4.338    green_OBUF[3]_inst_i_90_n_0
    SLICE_X102Y39        CARRY4 (Prop_carry4_CI_CO[3])
                                                      0.117     4.455 r  green_OBUF[3]_inst_i_60/CO[3]
                         net (fo=1, routed)           0.000     4.455    green_OBUF[3]_inst_i_60_n_0
    SLICE_X102Y40        CARRY4 (Prop_carry4_CI_CO[3])
                                                      0.117     4.572 r  green_OBUF[3]_inst_i_30/CO[3]
                         net (fo=1, routed)           0.000     4.572    green_OBUF[3]_inst_i_30_n_0
    SLICE_X102Y41        CARRY4 (Prop_carry4_CI_CO[3])
                                                      0.117     4.689 r  green_OBUF[3]_inst_i_5/CO[3]
                         net (fo=1, routed)           1.394     6.083    green_OBUF[3]_inst_i_5_n_0
    SLICE_X106Y44        LUT5 (Prop_lut5_I4_O)        0.124     6.207 r  green_OBUF[3]_inst_i_1/O
                         net (fo=4, routed)           2.379     8.586    green_OBUF[0]
    AA22                 OBUF (Prop_obuf_I_O)         3.547    12.133 r  green_OBUF[1]_inst/O
                         net (fo=0)                   0.000    12.133    green[1]
    AA22                                                              r  green[1] (OUT)
  -------------------------------------------------------------------    -------------------

Slack:                    inf
  Source:                 H_TOP_LEFT_reg[2]/C
                            (rising edge-triggered cell FDRE)
  Destination:            green[0]
                            (output port)
  Path Group:             (none)
  Path Type:              Max at Slow Process Corner
  Data Path Delay:        12.001ns  (logic 6.623ns (55.182%)  route 5.379ns (44.818%))
  Logic Levels:           14  (CARRY4=9 FDRE=1 LUT1=1 LUT2=1 LUT5=1 OBUF=1)

    Location             Delay type                Incr(ns)  Path(ns)    Netlist Resource(s)
  -------------------------------------------------------------------    -------------------
    SLICE_X104Y35        FDRE                         0.000     0.000 r  H_TOP_LEFT_reg[2]/C
    SLICE_X104Y35        FDRE (Prop_fdre_C_Q)         0.518     0.518 f  H_TOP_LEFT_reg[2]/Q
                         net (fo=9, routed)           0.933     1.451    H_TOP_LEFT[2]
    SLICE_X101Y34        LUT1 (Prop_lut1_I0_O)        0.124     1.575 r  green_OBUF[3]_inst_i_175/O
                         net (fo=1, routed)           0.000     1.575    green_OBUF[3]_inst_i_175_n_0
    SLICE_X101Y34        CARRY4 (Prop_carry4_S[1]_CO[3])
                                                      0.550     2.125 r  green_OBUF[3]_inst_i_171/CO[3]
                         net (fo=1, routed)           0.000     2.125    green_OBUF[3]_inst_i_171_n_0
    SLICE_X101Y35        CARRY4 (Prop_carry4_CI_CO[3])
                                                      0.114     2.239 r  green_OBUF[3]_inst_i_159/CO[3]
                         net (fo=1, routed)           0.000     2.239    green_OBUF[3]_inst_i_159_n_0
    SLICE_X101Y36        CARRY4 (Prop_carry4_CI_CO[3])
                                                      0.114     2.353 r  green_OBUF[3]_inst_i_147/CO[3]
                         net (fo=1, routed)           0.000     2.353    green_OBUF[3]_inst_i_147_n_0
    SLICE_X101Y37        CARRY4 (Prop_carry4_CI_O[0])
                                                      0.222     2.575 r  green_OBUF[3]_inst_i_135/O[0]
                         net (fo=1, routed)           0.814     3.389    green_OBUF[3]_inst_i_135_n_7
    SLICE_X102Y37        LUT2 (Prop_lut2_I1_O)        0.299     3.688 r  green_OBUF[3]_inst_i_133/O
                         net (fo=1, routed)           0.000     3.688    green_OBUF[3]_inst_i_133_n_0
    SLICE_X102Y37        CARRY4 (Prop_carry4_S[1]_CO[3])
                                                      0.533     4.221 r  green_OBUF[3]_inst_i_118/CO[3]
                         net (fo=1, routed)           0.000     4.221    green_OBUF[3]_inst_i_118_n_0
    SLICE_X102Y38        CARRY4 (Prop_carry4_CI_CO[3])
                                                      0.117     4.338 r  green_OBUF[3]_inst_i_90/CO[3]
                         net (fo=1, routed)           0.000     4.338    green_OBUF[3]_inst_i_90_n_0
    SLICE_X102Y39        CARRY4 (Prop_carry4_CI_CO[3])
                                                      0.117     4.455 r  green_OBUF[3]_inst_i_60/CO[3]
                         net (fo=1, routed)           0.000     4.455    green_OBUF[3]_inst_i_60_n_0
    SLICE_X102Y40        CARRY4 (Prop_carry4_CI_CO[3])
                                                      0.117     4.572 r  green_OBUF[3]_inst_i_30/CO[3]
                         net (fo=1, routed)           0.000     4.572    green_OBUF[3]_inst_i_30_n_0
    SLICE_X102Y41        CARRY4 (Prop_carry4_CI_CO[3])
                                                      0.117     4.689 r  green_OBUF[3]_inst_i_5/CO[3]
                         net (fo=1, routed)           1.394     6.083    green_OBUF[3]_inst_i_5_n_0
    SLICE_X106Y44        LUT5 (Prop_lut5_I4_O)        0.124     6.207 r  green_OBUF[3]_inst_i_1/O
                         net (fo=4, routed)           2.237     8.445    green_OBUF[0]
    AB22                 OBUF (Prop_obuf_I_O)         3.557    12.001 r  green_OBUF[0]_inst/O
                         net (fo=0)                   0.000    12.001    green[0]
    AB22                                                              r  green[0] (OUT)
  -------------------------------------------------------------------    -------------------

Slack:                    inf
  Source:                 H_TOP_LEFT_reg[2]/C
                            (rising edge-triggered cell FDRE)
  Destination:            green[2]
                            (output port)
  Path Group:             (none)
  Path Type:              Max at Slow Process Corner
  Data Path Delay:        11.992ns  (logic 6.624ns (55.239%)  route 5.368ns (44.761%))
  Logic Levels:           14  (CARRY4=9 FDRE=1 LUT1=1 LUT2=1 LUT5=1 OBUF=1)

    Location             Delay type                Incr(ns)  Path(ns)    Netlist Resource(s)
  -------------------------------------------------------------------    -------------------
    SLICE_X104Y35        FDRE                         0.000     0.000 r  H_TOP_LEFT_reg[2]/C
    SLICE_X104Y35        FDRE (Prop_fdre_C_Q)         0.518     0.518 f  H_TOP_LEFT_reg[2]/Q
                         net (fo=9, routed)           0.933     1.451    H_TOP_LEFT[2]
    SLICE_X101Y34        LUT1 (Prop_lut1_I0_O)        0.124     1.575 r  green_OBUF[3]_inst_i_175/O
                         net (fo=1, routed)           0.000     1.575    green_OBUF[3]_inst_i_175_n_0
    SLICE_X101Y34        CARRY4 (Prop_carry4_S[1]_CO[3])
                                                      0.550     2.125 r  green_OBUF[3]_inst_i_171/CO[3]
                         net (fo=1, routed)           0.000     2.125    green_OBUF[3]_inst_i_171_n_0
    SLICE_X101Y35        CARRY4 (Prop_carry4_CI_CO[3])
                                                      0.114     2.239 r  green_OBUF[3]_inst_i_159/CO[3]
                         net (fo=1, routed)           0.000     2.239    green_OBUF[3]_inst_i_159_n_0
    SLICE_X101Y36        CARRY4 (Prop_carry4_CI_CO[3])
                                                      0.114     2.353 r  green_OBUF[3]_inst_i_147/CO[3]
                         net (fo=1, routed)           0.000     2.353    green_OBUF[3]_inst_i_147_n_0
    SLICE_X101Y37        CARRY4 (Prop_carry4_CI_O[0])
                                                      0.222     2.575 r  green_OBUF[3]_inst_i_135/O[0]
                         net (fo=1, routed)           0.814     3.389    green_OBUF[3]_inst_i_135_n_7
    SLICE_X102Y37        LUT2 (Prop_lut2_I1_O)        0.299     3.688 r  green_OBUF[3]_inst_i_133/O
                         net (fo=1, routed)           0.000     3.688    green_OBUF[3]_inst_i_133_n_0
    SLICE_X102Y37        CARRY4 (Prop_carry4_S[1]_CO[3])
                                                      0.533     4.221 r  green_OBUF[3]_inst_i_118/CO[3]
                         net (fo=1, routed)           0.000     4.221    green_OBUF[3]_inst_i_118_n_0
    SLICE_X102Y38        CARRY4 (Prop_carry4_CI_CO[3])
                                                      0.117     4.338 r  green_OBUF[3]_inst_i_90/CO[3]
                         net (fo=1, routed)           0.000     4.338    green_OBUF[3]_inst_i_90_n_0
    SLICE_X102Y39        CARRY4 (Prop_carry4_CI_CO[3])
                                                      0.117     4.455 r  green_OBUF[3]_inst_i_60/CO[3]
                         net (fo=1, routed)           0.000     4.455    green_OBUF[3]_inst_i_60_n_0
    SLICE_X102Y40        CARRY4 (Prop_carry4_CI_CO[3])
                                                      0.117     4.572 r  green_OBUF[3]_inst_i_30/CO[3]
                         net (fo=1, routed)           0.000     4.572    green_OBUF[3]_inst_i_30_n_0
    SLICE_X102Y41        CARRY4 (Prop_carry4_CI_CO[3])
                                                      0.117     4.689 r  green_OBUF[3]_inst_i_5/CO[3]
                         net (fo=1, routed)           1.394     6.083    green_OBUF[3]_inst_i_5_n_0
    SLICE_X106Y44        LUT5 (Prop_lut5_I4_O)        0.124     6.207 r  green_OBUF[3]_inst_i_1/O
                         net (fo=4, routed)           2.227     8.434    green_OBUF[0]
    AB21                 OBUF (Prop_obuf_I_O)         3.558    11.992 r  green_OBUF[2]_inst/O
                         net (fo=0)                   0.000    11.992    green[2]
    AB21                                                              r  green[2] (OUT)
  -------------------------------------------------------------------    -------------------

Slack:                    inf
  Source:                 H_TOP_LEFT_reg[2]/C
                            (rising edge-triggered cell FDRE)
  Destination:            green[3]
                            (output port)
  Path Group:             (none)
  Path Type:              Max at Slow Process Corner
  Data Path Delay:        11.841ns  (logic 6.613ns (55.849%)  route 5.228ns (44.151%))
  Logic Levels:           14  (CARRY4=9 FDRE=1 LUT1=1 LUT2=1 LUT5=1 OBUF=1)

    Location             Delay type                Incr(ns)  Path(ns)    Netlist Resource(s)
  -------------------------------------------------------------------    -------------------
    SLICE_X104Y35        FDRE                         0.000     0.000 r  H_TOP_LEFT_reg[2]/C
    SLICE_X104Y35        FDRE (Prop_fdre_C_Q)         0.518     0.518 f  H_TOP_LEFT_reg[2]/Q
                         net (fo=9, routed)           0.933     1.451    H_TOP_LEFT[2]
    SLICE_X101Y34        LUT1 (Prop_lut1_I0_O)        0.124     1.575 r  green_OBUF[3]_inst_i_175/O
                         net (fo=1, routed)           0.000     1.575    green_OBUF[3]_inst_i_175_n_0
    SLICE_X101Y34        CARRY4 (Prop_carry4_S[1]_CO[3])
                                                      0.550     2.125 r  green_OBUF[3]_inst_i_171/CO[3]
                         net (fo=1, routed)           0.000     2.125    green_OBUF[3]_inst_i_171_n_0
    SLICE_X101Y35        CARRY4 (Prop_carry4_CI_CO[3])
                                                      0.114     2.239 r  green_OBUF[3]_inst_i_159/CO[3]
                         net (fo=1, routed)           0.000     2.239    green_OBUF[3]_inst_i_159_n_0
    SLICE_X101Y36        CARRY4 (Prop_carry4_CI_CO[3])
                                                      0.114     2.353 r  green_OBUF[3]_inst_i_147/CO[3]
                         net (fo=1, routed)           0.000     2.353    green_OBUF[3]_inst_i_147_n_0
    SLICE_X101Y37        CARRY4 (Prop_carry4_CI_O[0])
                                                      0.222     2.575 r  green_OBUF[3]_inst_i_135/O[0]
                         net (fo=1, routed)           0.814     3.389    green_OBUF[3]_inst_i_135_n_7
    SLICE_X102Y37        LUT2 (Prop_lut2_I1_O)        0.299     3.688 r  green_OBUF[3]_inst_i_133/O
                         net (fo=1, routed)           0.000     3.688    green_OBUF[3]_inst_i_133_n_0
    SLICE_X102Y37        CARRY4 (Prop_carry4_S[1]_CO[3])
                                                      0.533     4.221 r  green_OBUF[3]_inst_i_118/CO[3]
                         net (fo=1, routed)           0.000     4.221    green_OBUF[3]_inst_i_118_n_0
    SLICE_X102Y38        CARRY4 (Prop_carry4_CI_CO[3])
                                                      0.117     4.338 r  green_OBUF[3]_inst_i_90/CO[3]
                         net (fo=1, routed)           0.000     4.338    green_OBUF[3]_inst_i_90_n_0
    SLICE_X102Y39        CARRY4 (Prop_carry4_CI_CO[3])
                                                      0.117     4.455 r  green_OBUF[3]_inst_i_60/CO[3]
                         net (fo=1, routed)           0.000     4.455    green_OBUF[3]_inst_i_60_n_0
    SLICE_X102Y40        CARRY4 (Prop_carry4_CI_CO[3])
                                                      0.117     4.572 r  green_OBUF[3]_inst_i_30/CO[3]
                         net (fo=1, routed)           0.000     4.572    green_OBUF[3]_inst_i_30_n_0
    SLICE_X102Y41        CARRY4 (Prop_carry4_CI_CO[3])
                                                      0.117     4.689 r  green_OBUF[3]_inst_i_5/CO[3]
                         net (fo=1, routed)           1.394     6.083    green_OBUF[3]_inst_i_5_n_0
    SLICE_X106Y44        LUT5 (Prop_lut5_I4_O)        0.124     6.207 r  green_OBUF[3]_inst_i_1/O
                         net (fo=4, routed)           2.087     8.294    green_OBUF[0]
    AA21                 OBUF (Prop_obuf_I_O)         3.547    11.841 r  green_OBUF[3]_inst/O
                         net (fo=0)                   0.000    11.841    green[3]
    AA21                                                              r  green[3] (OUT)
  -------------------------------------------------------------------    -------------------

Slack:                    inf
  Source:                 vcount_reg[10]/C
                            (rising edge-triggered cell FDRE)
  Destination:            blue[2]
                            (output port)
  Path Group:             (none)
  Path Type:              Max at Slow Process Corner
  Data Path Delay:        10.983ns  (logic 5.029ns (45.790%)  route 5.954ns (54.210%))
  Logic Levels:           7  (CARRY4=3 FDRE=1 LUT2=1 LUT4=1 OBUF=1)

    Location             Delay type                Incr(ns)  Path(ns)    Netlist Resource(s)
  -------------------------------------------------------------------    -------------------
    SLICE_X107Y40        FDRE                         0.000     0.000 r  vcount_reg[10]/C
    SLICE_X107Y40        FDRE (Prop_fdre_C_Q)         0.456     0.456 f  vcount_reg[10]/Q
                         net (fo=10, routed)          1.853     2.309    vcount_reg_n_0_[10]
    SLICE_X106Y46        LUT2 (Prop_lut2_I0_O)        0.124     2.433 r  red_OBUF[3]_inst_i_82/O
                         net (fo=1, routed)           0.000     2.433    red_OBUF[3]_inst_i_82_n_0
    SLICE_X106Y46        CARRY4 (Prop_carry4_S[1]_CO[3])
                                                      0.550     2.983 r  red_OBUF[3]_inst_i_46/CO[3]
                         net (fo=1, routed)           0.000     2.983    red_OBUF[3]_inst_i_46_n_0
    SLICE_X106Y47        CARRY4 (Prop_carry4_CI_CO[3])
                                                      0.114     3.097 r  red_OBUF[3]_inst_i_18/CO[3]
                         net (fo=1, routed)           0.000     3.097    red_OBUF[3]_inst_i_18_n_0
    SLICE_X106Y48        CARRY4 (Prop_carry4_CI_CO[3])
                                                      0.114     3.211 r  red_OBUF[3]_inst_i_4/CO[3]
                         net (fo=1, routed)           1.410     4.620    red24_in
    SLICE_X106Y44        LUT4 (Prop_lut4_I2_O)        0.124     4.744 r  red_OBUF[3]_inst_i_1/O
                         net (fo=9, routed)           2.692     7.436    blue_OBUF[0]
    AB20                 OBUF (Prop_obuf_I_O)         3.547    10.983 r  blue_OBUF[2]_inst/O
                         net (fo=0)                   0.000    10.983    blue[2]
    AB20                                                              r  blue[2] (OUT)
  -------------------------------------------------------------------    -------------------

Slack:                    inf
  Source:                 vcount_reg[10]/C
                            (rising edge-triggered cell FDRE)
  Destination:            blue[3]
                            (output port)
  Path Group:             (none)
  Path Type:              Max at Slow Process Corner
  Data Path Delay:        10.833ns  (logic 5.019ns (46.329%)  route 5.814ns (53.671%))
  Logic Levels:           7  (CARRY4=3 FDRE=1 LUT2=1 LUT4=1 OBUF=1)

    Location             Delay type                Incr(ns)  Path(ns)    Netlist Resource(s)
  -------------------------------------------------------------------    -------------------
    SLICE_X107Y40        FDRE                         0.000     0.000 r  vcount_reg[10]/C
    SLICE_X107Y40        FDRE (Prop_fdre_C_Q)         0.456     0.456 f  vcount_reg[10]/Q
                         net (fo=10, routed)          1.853     2.309    vcount_reg_n_0_[10]
    SLICE_X106Y46        LUT2 (Prop_lut2_I0_O)        0.124     2.433 r  red_OBUF[3]_inst_i_82/O
                         net (fo=1, routed)           0.000     2.433    red_OBUF[3]_inst_i_82_n_0
    SLICE_X106Y46        CARRY4 (Prop_carry4_S[1]_CO[3])
                                                      0.550     2.983 r  red_OBUF[3]_inst_i_46/CO[3]
                         net (fo=1, routed)           0.000     2.983    red_OBUF[3]_inst_i_46_n_0
    SLICE_X106Y47        CARRY4 (Prop_carry4_CI_CO[3])
                                                      0.114     3.097 r  red_OBUF[3]_inst_i_18/CO[3]
                         net (fo=1, routed)           0.000     3.097    red_OBUF[3]_inst_i_18_n_0
    SLICE_X106Y48        CARRY4 (Prop_carry4_CI_CO[3])
                                                      0.114     3.211 r  red_OBUF[3]_inst_i_4/CO[3]
                         net (fo=1, routed)           1.410     4.620    red24_in
    SLICE_X106Y44        LUT4 (Prop_lut4_I2_O)        0.124     4.744 r  red_OBUF[3]_inst_i_1/O
                         net (fo=9, routed)           2.552     7.296    blue_OBUF[0]
    AB19                 OBUF (Prop_obuf_I_O)         3.537    10.833 r  blue_OBUF[3]_inst/O
                         net (fo=0)                   0.000    10.833    blue[3]
    AB19                                                              r  blue[3] (OUT)
  -------------------------------------------------------------------    -------------------

Slack:                    inf
  Source:                 vcount_reg[10]/C
                            (rising edge-triggered cell FDRE)
  Destination:            blue[0]
                            (output port)
  Path Group:             (none)
  Path Type:              Max at Slow Process Corner
  Data Path Delay:        10.678ns  (logic 5.014ns (46.957%)  route 5.664ns (53.043%))
  Logic Levels:           7  (CARRY4=3 FDRE=1 LUT2=1 LUT4=1 OBUF=1)

    Location             Delay type                Incr(ns)  Path(ns)    Netlist Resource(s)
  -------------------------------------------------------------------    -------------------
    SLICE_X107Y40        FDRE                         0.000     0.000 r  vcount_reg[10]/C
    SLICE_X107Y40        FDRE (Prop_fdre_C_Q)         0.456     0.456 f  vcount_reg[10]/Q
                         net (fo=10, routed)          1.853     2.309    vcount_reg_n_0_[10]
    SLICE_X106Y46        LUT2 (Prop_lut2_I0_O)        0.124     2.433 r  red_OBUF[3]_inst_i_82/O
                         net (fo=1, routed)           0.000     2.433    red_OBUF[3]_inst_i_82_n_0
    SLICE_X106Y46        CARRY4 (Prop_carry4_S[1]_CO[3])
                                                      0.550     2.983 r  red_OBUF[3]_inst_i_46/CO[3]
                         net (fo=1, routed)           0.000     2.983    red_OBUF[3]_inst_i_46_n_0
    SLICE_X106Y47        CARRY4 (Prop_carry4_CI_CO[3])
                                                      0.114     3.097 r  red_OBUF[3]_inst_i_18/CO[3]
                         net (fo=1, routed)           0.000     3.097    red_OBUF[3]_inst_i_18_n_0
    SLICE_X106Y48        CARRY4 (Prop_carry4_CI_CO[3])
                                                      0.114     3.211 r  red_OBUF[3]_inst_i_4/CO[3]
                         net (fo=1, routed)           1.410     4.620    red24_in
    SLICE_X106Y44        LUT4 (Prop_lut4_I2_O)        0.124     4.744 r  red_OBUF[3]_inst_i_1/O
                         net (fo=9, routed)           2.402     7.146    blue_OBUF[0]
    Y21                  OBUF (Prop_obuf_I_O)         3.532    10.678 r  blue_OBUF[0]_inst/O
                         net (fo=0)                   0.000    10.678    blue[0]
    Y21                                                               r  blue[0] (OUT)
  -------------------------------------------------------------------    -------------------

Slack:                    inf
  Source:                 vcount_reg[10]/C
                            (rising edge-triggered cell FDRE)
  Destination:            red[2]
                            (output port)
  Path Group:             (none)
  Path Type:              Max at Slow Process Corner
  Data Path Delay:        10.591ns  (logic 4.993ns (47.141%)  route 5.598ns (52.859%))
  Logic Levels:           7  (CARRY4=3 FDRE=1 LUT2=1 LUT4=1 OBUF=1)

    Location             Delay type                Incr(ns)  Path(ns)    Netlist Resource(s)
  -------------------------------------------------------------------    -------------------
    SLICE_X107Y40        FDRE                         0.000     0.000 r  vcount_reg[10]/C
    SLICE_X107Y40        FDRE (Prop_fdre_C_Q)         0.456     0.456 f  vcount_reg[10]/Q
                         net (fo=10, routed)          1.853     2.309    vcount_reg_n_0_[10]
    SLICE_X106Y46        LUT2 (Prop_lut2_I0_O)        0.124     2.433 r  red_OBUF[3]_inst_i_82/O
                         net (fo=1, routed)           0.000     2.433    red_OBUF[3]_inst_i_82_n_0
    SLICE_X106Y46        CARRY4 (Prop_carry4_S[1]_CO[3])
                                                      0.550     2.983 r  red_OBUF[3]_inst_i_46/CO[3]
                         net (fo=1, routed)           0.000     2.983    red_OBUF[3]_inst_i_46_n_0
    SLICE_X106Y47        CARRY4 (Prop_carry4_CI_CO[3])
                                                      0.114     3.097 r  red_OBUF[3]_inst_i_18/CO[3]
                         net (fo=1, routed)           0.000     3.097    red_OBUF[3]_inst_i_18_n_0
    SLICE_X106Y48        CARRY4 (Prop_carry4_CI_CO[3])
                                                      0.114     3.211 r  red_OBUF[3]_inst_i_4/CO[3]
                         net (fo=1, routed)           1.410     4.620    red24_in
    SLICE_X106Y44        LUT4 (Prop_lut4_I2_O)        0.124     4.744 r  red_OBUF[3]_inst_i_1/O
                         net (fo=9, routed)           2.336     7.080    blue_OBUF[0]
    V19                  OBUF (Prop_obuf_I_O)         3.511    10.591 r  red_OBUF[2]_inst/O
                         net (fo=0)                   0.000    10.591    red[2]
    V19                                                               r  red[2] (OUT)
  -------------------------------------------------------------------    -------------------

Slack:                    inf
  Source:                 vcount_reg[10]/C
                            (rising edge-triggered cell FDRE)
  Destination:            blue[1]
                            (output port)
  Path Group:             (none)
  Path Type:              Max at Slow Process Corner
  Data Path Delay:        10.527ns  (logic 5.013ns (47.619%)  route 5.514ns (52.381%))
  Logic Levels:           7  (CARRY4=3 FDRE=1 LUT2=1 LUT4=1 OBUF=1)

    Location             Delay type                Incr(ns)  Path(ns)    Netlist Resource(s)
  -------------------------------------------------------------------    -------------------
    SLICE_X107Y40        FDRE                         0.000     0.000 r  vcount_reg[10]/C
    SLICE_X107Y40        FDRE (Prop_fdre_C_Q)         0.456     0.456 f  vcount_reg[10]/Q
                         net (fo=10, routed)          1.853     2.309    vcount_reg_n_0_[10]
    SLICE_X106Y46        LUT2 (Prop_lut2_I0_O)        0.124     2.433 r  red_OBUF[3]_inst_i_82/O
                         net (fo=1, routed)           0.000     2.433    red_OBUF[3]_inst_i_82_n_0
    SLICE_X106Y46        CARRY4 (Prop_carry4_S[1]_CO[3])
                                                      0.550     2.983 r  red_OBUF[3]_inst_i_46/CO[3]
                         net (fo=1, routed)           0.000     2.983    red_OBUF[3]_inst_i_46_n_0
    SLICE_X106Y47        CARRY4 (Prop_carry4_CI_CO[3])
                                                      0.114     3.097 r  red_OBUF[3]_inst_i_18/CO[3]
                         net (fo=1, routed)           0.000     3.097    red_OBUF[3]_inst_i_18_n_0
    SLICE_X106Y48        CARRY4 (Prop_carry4_CI_CO[3])
                                                      0.114     3.211 r  red_OBUF[3]_inst_i_4/CO[3]
                         net (fo=1, routed)           1.410     4.620    red24_in
    SLICE_X106Y44        LUT4 (Prop_lut4_I2_O)        0.124     4.744 r  red_OBUF[3]_inst_i_1/O
                         net (fo=9, routed)           2.252     6.996    blue_OBUF[0]
    Y20                  OBUF (Prop_obuf_I_O)         3.531    10.527 r  blue_OBUF[1]_inst/O
                         net (fo=0)                   0.000    10.527    blue[1]
    Y20                                                               r  blue[1] (OUT)
  -------------------------------------------------------------------    -------------------

Slack:                    inf
  Source:                 vcount_reg[10]/C
                            (rising edge-triggered cell FDRE)
  Destination:            red[3]
                            (output port)
  Path Group:             (none)
  Path Type:              Max at Slow Process Corner
  Data Path Delay:        10.469ns  (logic 5.011ns (47.863%)  route 5.458ns (52.137%))
  Logic Levels:           7  (CARRY4=3 FDRE=1 LUT2=1 LUT4=1 OBUF=1)

    Location             Delay type                Incr(ns)  Path(ns)    Netlist Resource(s)
  -------------------------------------------------------------------    -------------------
    SLICE_X107Y40        FDRE                         0.000     0.000 r  vcount_reg[10]/C
    SLICE_X107Y40        FDRE (Prop_fdre_C_Q)         0.456     0.456 f  vcount_reg[10]/Q
                         net (fo=10, routed)          1.853     2.309    vcount_reg_n_0_[10]
    SLICE_X106Y46        LUT2 (Prop_lut2_I0_O)        0.124     2.433 r  red_OBUF[3]_inst_i_82/O
                         net (fo=1, routed)           0.000     2.433    red_OBUF[3]_inst_i_82_n_0
    SLICE_X106Y46        CARRY4 (Prop_carry4_S[1]_CO[3])
                                                      0.550     2.983 r  red_OBUF[3]_inst_i_46/CO[3]
                         net (fo=1, routed)           0.000     2.983    red_OBUF[3]_inst_i_46_n_0
    SLICE_X106Y47        CARRY4 (Prop_carry4_CI_CO[3])
                                                      0.114     3.097 r  red_OBUF[3]_inst_i_18/CO[3]
                         net (fo=1, routed)           0.000     3.097    red_OBUF[3]_inst_i_18_n_0
    SLICE_X106Y48        CARRY4 (Prop_carry4_CI_CO[3])
                                                      0.114     3.211 r  red_OBUF[3]_inst_i_4/CO[3]
                         net (fo=1, routed)           1.410     4.620    red24_in
    SLICE_X106Y44        LUT4 (Prop_lut4_I2_O)        0.124     4.744 r  red_OBUF[3]_inst_i_1/O
                         net (fo=9, routed)           2.196     6.940    blue_OBUF[0]
    V18                  OBUF (Prop_obuf_I_O)         3.529    10.469 r  red_OBUF[3]_inst/O
                         net (fo=0)                   0.000    10.469    red[3]
    V18                                                               r  red[3] (OUT)
  -------------------------------------------------------------------    -------------------





Min Delay Paths
--------------------------------------------------------------------------------------
Slack:                    inf
  Source:                 comp_clk50MHz/count_reg[24]/C
                            (rising edge-triggered cell FDRE)
  Destination:            comp_clk50MHz/count_reg[24]/D
  Path Group:             (none)
  Path Type:              Min at Fast Process Corner
  Data Path Delay:        0.366ns  (logic 0.249ns (67.994%)  route 0.117ns (32.006%))
  Logic Levels:           2  (CARRY4=1 FDRE=1)

    Location             Delay type                Incr(ns)  Path(ns)    Netlist Resource(s)
  -------------------------------------------------------------------    -------------------
    SLICE_X51Y47         FDRE                         0.000     0.000 r  comp_clk50MHz/count_reg[24]/C
    SLICE_X51Y47         FDRE (Prop_fdre_C_Q)         0.141     0.141 r  comp_clk50MHz/count_reg[24]/Q
                         net (fo=2, routed)           0.117     0.258    comp_clk50MHz/count[24]
    SLICE_X51Y47         CARRY4 (Prop_carry4_S[3]_O[3])
                                                      0.108     0.366 r  comp_clk50MHz/count_reg[24]_i_1/O[3]
                         net (fo=1, routed)           0.000     0.366    comp_clk50MHz/p_1_in[24]
    SLICE_X51Y47         FDRE                                         r  comp_clk50MHz/count_reg[24]/D
  -------------------------------------------------------------------    -------------------

Slack:                    inf
  Source:                 comp_clk10Hz/count_reg[28]/C
                            (rising edge-triggered cell FDRE)
  Destination:            comp_clk10Hz/count_reg[28]/D
  Path Group:             (none)
  Path Type:              Min at Fast Process Corner
  Data Path Delay:        0.367ns  (logic 0.249ns (67.838%)  route 0.118ns (32.162%))
  Logic Levels:           2  (CARRY4=1 FDRE=1)

    Location             Delay type                Incr(ns)  Path(ns)    Netlist Resource(s)
  -------------------------------------------------------------------    -------------------
    SLICE_X47Y48         FDRE                         0.000     0.000 r  comp_clk10Hz/count_reg[28]/C
    SLICE_X47Y48         FDRE (Prop_fdre_C_Q)         0.141     0.141 r  comp_clk10Hz/count_reg[28]/Q
                         net (fo=2, routed)           0.118     0.259    comp_clk10Hz/count_reg_n_0_[28]
    SLICE_X47Y48         CARRY4 (Prop_carry4_S[3]_O[3])
                                                      0.108     0.367 r  comp_clk10Hz/count0_carry__5/O[3]
                         net (fo=1, routed)           0.000     0.367    comp_clk10Hz/count0_carry__5_n_4
    SLICE_X47Y48         FDRE                                         r  comp_clk10Hz/count_reg[28]/D
  -------------------------------------------------------------------    -------------------

Slack:                    inf
  Source:                 comp_clk10Hz/count_reg[4]/C
                            (rising edge-triggered cell FDRE)
  Destination:            comp_clk10Hz/count_reg[4]/D
  Path Group:             (none)
  Path Type:              Min at Fast Process Corner
  Data Path Delay:        0.368ns  (logic 0.249ns (67.612%)  route 0.119ns (32.388%))
  Logic Levels:           2  (CARRY4=1 FDRE=1)

    Location             Delay type                Incr(ns)  Path(ns)    Netlist Resource(s)
  -------------------------------------------------------------------    -------------------
    SLICE_X47Y42         FDRE                         0.000     0.000 r  comp_clk10Hz/count_reg[4]/C
    SLICE_X47Y42         FDRE (Prop_fdre_C_Q)         0.141     0.141 r  comp_clk10Hz/count_reg[4]/Q
                         net (fo=2, routed)           0.119     0.260    comp_clk10Hz/count_reg_n_0_[4]
    SLICE_X47Y42         CARRY4 (Prop_carry4_S[3]_O[3])
                                                      0.108     0.368 r  comp_clk10Hz/count0_carry/O[3]
                         net (fo=1, routed)           0.000     0.368    comp_clk10Hz/count0_carry_n_4
    SLICE_X47Y42         FDRE                                         r  comp_clk10Hz/count_reg[4]/D
  -------------------------------------------------------------------    -------------------

Slack:                    inf
  Source:                 comp_clk10Hz/count_reg[8]/C
                            (rising edge-triggered cell FDRE)
  Destination:            comp_clk10Hz/count_reg[8]/D
  Path Group:             (none)
  Path Type:              Min at Fast Process Corner
  Data Path Delay:        0.368ns  (logic 0.249ns (67.612%)  route 0.119ns (32.388%))
  Logic Levels:           2  (CARRY4=1 FDRE=1)

    Location             Delay type                Incr(ns)  Path(ns)    Netlist Resource(s)
  -------------------------------------------------------------------    -------------------
    SLICE_X47Y43         FDRE                         0.000     0.000 r  comp_clk10Hz/count_reg[8]/C
    SLICE_X47Y43         FDRE (Prop_fdre_C_Q)         0.141     0.141 r  comp_clk10Hz/count_reg[8]/Q
                         net (fo=2, routed)           0.119     0.260    comp_clk10Hz/count_reg_n_0_[8]
    SLICE_X47Y43         CARRY4 (Prop_carry4_S[3]_O[3])
                                                      0.108     0.368 r  comp_clk10Hz/count0_carry__0/O[3]
                         net (fo=1, routed)           0.000     0.368    comp_clk10Hz/count0_carry__0_n_4
    SLICE_X47Y43         FDRE                                         r  comp_clk10Hz/count_reg[8]/D
  -------------------------------------------------------------------    -------------------

Slack:                    inf
  Source:                 comp_clk50MHz/count_reg[8]/C
                            (rising edge-triggered cell FDRE)
  Destination:            comp_clk50MHz/count_reg[8]/D
  Path Group:             (none)
  Path Type:              Min at Fast Process Corner
  Data Path Delay:        0.368ns  (logic 0.249ns (67.612%)  route 0.119ns (32.388%))
  Logic Levels:           2  (CARRY4=1 FDRE=1)

    Location             Delay type                Incr(ns)  Path(ns)    Netlist Resource(s)
  -------------------------------------------------------------------    -------------------
    SLICE_X51Y43         FDRE                         0.000     0.000 r  comp_clk50MHz/count_reg[8]/C
    SLICE_X51Y43         FDRE (Prop_fdre_C_Q)         0.141     0.141 r  comp_clk50MHz/count_reg[8]/Q
                         net (fo=2, routed)           0.119     0.260    comp_clk50MHz/count[8]
    SLICE_X51Y43         CARRY4 (Prop_carry4_S[3]_O[3])
                                                      0.108     0.368 r  comp_clk50MHz/count_reg[8]_i_1/O[3]
                         net (fo=1, routed)           0.000     0.368    comp_clk50MHz/p_1_in[8]
    SLICE_X51Y43         FDRE                                         r  comp_clk50MHz/count_reg[8]/D
  -------------------------------------------------------------------    -------------------

Slack:                    inf
  Source:                 comp_clk10Hz/count_reg[16]/C
                            (rising edge-triggered cell FDRE)
  Destination:            comp_clk10Hz/count_reg[16]/D
  Path Group:             (none)
  Path Type:              Min at Fast Process Corner
  Data Path Delay:        0.369ns  (logic 0.249ns (67.424%)  route 0.120ns (32.576%))
  Logic Levels:           2  (CARRY4=1 FDRE=1)

    Location             Delay type                Incr(ns)  Path(ns)    Netlist Resource(s)
  -------------------------------------------------------------------    -------------------
    SLICE_X47Y45         FDRE                         0.000     0.000 r  comp_clk10Hz/count_reg[16]/C
    SLICE_X47Y45         FDRE (Prop_fdre_C_Q)         0.141     0.141 r  comp_clk10Hz/count_reg[16]/Q
                         net (fo=2, routed)           0.120     0.261    comp_clk10Hz/count_reg_n_0_[16]
    SLICE_X47Y45         CARRY4 (Prop_carry4_S[3]_O[3])
                                                      0.108     0.369 r  comp_clk10Hz/count0_carry__2/O[3]
                         net (fo=1, routed)           0.000     0.369    comp_clk10Hz/count0_carry__2_n_4
    SLICE_X47Y45         FDRE                                         r  comp_clk10Hz/count_reg[16]/D
  -------------------------------------------------------------------    -------------------

Slack:                    inf
  Source:                 comp_clk10Hz/count_reg[20]/C
                            (rising edge-triggered cell FDRE)
  Destination:            comp_clk10Hz/count_reg[20]/D
  Path Group:             (none)
  Path Type:              Min at Fast Process Corner
  Data Path Delay:        0.369ns  (logic 0.249ns (67.424%)  route 0.120ns (32.576%))
  Logic Levels:           2  (CARRY4=1 FDRE=1)

    Location             Delay type                Incr(ns)  Path(ns)    Netlist Resource(s)
  -------------------------------------------------------------------    -------------------
    SLICE_X47Y46         FDRE                         0.000     0.000 r  comp_clk10Hz/count_reg[20]/C
    SLICE_X47Y46         FDRE (Prop_fdre_C_Q)         0.141     0.141 r  comp_clk10Hz/count_reg[20]/Q
                         net (fo=2, routed)           0.120     0.261    comp_clk10Hz/count_reg_n_0_[20]
    SLICE_X47Y46         CARRY4 (Prop_carry4_S[3]_O[3])
                                                      0.108     0.369 r  comp_clk10Hz/count0_carry__3/O[3]
                         net (fo=1, routed)           0.000     0.369    comp_clk10Hz/count0_carry__3_n_4
    SLICE_X47Y46         FDRE                                         r  comp_clk10Hz/count_reg[20]/D
  -------------------------------------------------------------------    -------------------

Slack:                    inf
  Source:                 comp_clk50MHz/count_reg[12]/C
                            (rising edge-triggered cell FDRE)
  Destination:            comp_clk50MHz/count_reg[12]/D
  Path Group:             (none)
  Path Type:              Min at Fast Process Corner
  Data Path Delay:        0.369ns  (logic 0.249ns (67.424%)  route 0.120ns (32.576%))
  Logic Levels:           2  (CARRY4=1 FDRE=1)

    Location             Delay type                Incr(ns)  Path(ns)    Netlist Resource(s)
  -------------------------------------------------------------------    -------------------
    SLICE_X51Y44         FDRE                         0.000     0.000 r  comp_clk50MHz/count_reg[12]/C
    SLICE_X51Y44         FDRE (Prop_fdre_C_Q)         0.141     0.141 r  comp_clk50MHz/count_reg[12]/Q
                         net (fo=2, routed)           0.120     0.261    comp_clk50MHz/count[12]
    SLICE_X51Y44         CARRY4 (Prop_carry4_S[3]_O[3])
                                                      0.108     0.369 r  comp_clk50MHz/count_reg[12]_i_1/O[3]
                         net (fo=1, routed)           0.000     0.369    comp_clk50MHz/p_1_in[12]
    SLICE_X51Y44         FDRE                                         r  comp_clk50MHz/count_reg[12]/D
  -------------------------------------------------------------------    -------------------

Slack:                    inf
  Source:                 comp_clk50MHz/count_reg[16]/C
                            (rising edge-triggered cell FDRE)
  Destination:            comp_clk50MHz/count_reg[16]/D
  Path Group:             (none)
  Path Type:              Min at Fast Process Corner
  Data Path Delay:        0.369ns  (logic 0.249ns (67.424%)  route 0.120ns (32.576%))
  Logic Levels:           2  (CARRY4=1 FDRE=1)

    Location             Delay type                Incr(ns)  Path(ns)    Netlist Resource(s)
  -------------------------------------------------------------------    -------------------
    SLICE_X51Y45         FDRE                         0.000     0.000 r  comp_clk50MHz/count_reg[16]/C
    SLICE_X51Y45         FDRE (Prop_fdre_C_Q)         0.141     0.141 r  comp_clk50MHz/count_reg[16]/Q
                         net (fo=2, routed)           0.120     0.261    comp_clk50MHz/count[16]
    SLICE_X51Y45         CARRY4 (Prop_carry4_S[3]_O[3])
                                                      0.108     0.369 r  comp_clk50MHz/count_reg[16]_i_1/O[3]
                         net (fo=1, routed)           0.000     0.369    comp_clk50MHz/p_1_in[16]
    SLICE_X51Y45         FDRE                                         r  comp_clk50MHz/count_reg[16]/D
  -------------------------------------------------------------------    -------------------

Slack:                    inf
  Source:                 comp_clk50MHz/count_reg[20]/C
                            (rising edge-triggered cell FDRE)
  Destination:            comp_clk50MHz/count_reg[20]/D
  Path Group:             (none)
  Path Type:              Min at Fast Process Corner
  Data Path Delay:        0.369ns  (logic 0.249ns (67.424%)  route 0.120ns (32.576%))
  Logic Levels:           2  (CARRY4=1 FDRE=1)

    Location             Delay type                Incr(ns)  Path(ns)    Netlist Resource(s)
  -------------------------------------------------------------------    -------------------
    SLICE_X51Y46         FDRE                         0.000     0.000 r  comp_clk50MHz/count_reg[20]/C
    SLICE_X51Y46         FDRE (Prop_fdre_C_Q)         0.141     0.141 r  comp_clk50MHz/count_reg[20]/Q
                         net (fo=2, routed)           0.120     0.261    comp_clk50MHz/count[20]
    SLICE_X51Y46         CARRY4 (Prop_carry4_S[3]_O[3])
                                                      0.108     0.369 r  comp_clk50MHz/count_reg[20]_i_1/O[3]
                         net (fo=1, routed)           0.000     0.369    comp_clk50MHz/p_1_in[20]
    SLICE_X51Y46         FDRE                                         r  comp_clk50MHz/count_reg[20]/D
  -------------------------------------------------------------------    -------------------





